objc[83672]: Class NSURLSessionDelegate is implemented in both /Applications/Xcode.app/Contents/Developer/Platforms/iPhoneOS.platform/Library/Developer/CoreSimulator/Profiles/Runtimes/iOS.simruntime/Contents/Resources/RuntimeRoot/System/Library/PrivateFrameworks/NetworkServiceProxy.framework/NetworkServiceProxy (0x7fff87c202d8) and /Users/psargent/Library/Developer/CoreSimulator/Devices/BE6AE2BE-A355-48F8-870C-D99FC72AFEC0/data/Containers/Bundle/Application/8CDF0652-3CE2-4842-B650-CFA66905BE66/Hello_MultiScreen_iPhone.app/Hello_MultiScreen_iPhone (0x10376bf40). One of the two will be used. Which one is undefined.
MonoTouch: Could not install sigaction override, unexpected sigaction implementation.
2022-06-24 10:29:51.481995-0700 Hello_MultiScreen_iPhone[83672:6314867] SecTaskLoadEntitlements failed error=22 cs_flags=200, pid=83672
2022-06-24 10:29:51.482285-0700 Hello_MultiScreen_iPhone[83672:6314867] SecTaskCopyDebugDescription: Hello_MultiScree[83672]/0#-1 LF=0
2022-06-24 10:29:51.488618-0700 Hello_MultiScreen_iPhone[83672:6314867] SecTaskLoadEntitlements failed error=22 cs_flags=200, pid=83672
2022-06-24 10:29:51.488889-0700 Hello_MultiScreen_iPhone[83672:6314867] SecTaskCopyDebugDescription: Hello_MultiScree[83672]/0#-1 LF=0
2022-06-24 10:29:51.586820-0700 Hello_MultiScreen_iPhone[83672:6314878] [unspecified] container_system_group_path_for_identifier: error = ((container_error_t)98) NOT_CODESIGNED
2022-06-24 10:29:51.586933-0700 Hello_MultiScreen_iPhone[83672:6314878] [MC] Error getting system group container for systemgroup.com.apple.configurationprofiles: 98
2022-06-24 10:29:51.587225-0700 Hello_MultiScreen_iPhone[83672:6314878] [MC] Failed to get profile system group container path. Overriding with expected path: /Users/psargent/Library/Developer/CoreSimulator/Devices/BE6AE2BE-A355-48F8-870C-D99FC72AFEC0/data/Containers/Shared/SystemGroup/systemgroup.com.apple.configurationprofiles
2022-06-24 10:29:51.622140-0700 Hello_MultiScreen_iPhone[83672:6314867] SecTaskLoadEntitlements failed error=22 cs_flags=200, pid=83672
2022-06-24 10:29:51.622380-0700 Hello_MultiScreen_iPhone[83672:6314867] SecTaskCopyDebugDescription: Hello_MultiScree[83672]/0#-1 LF=0
2022-06-24 10:29:51.651100-0700 Hello_MultiScreen_iPhone[83672:6314867] <Google> To get test ads on this device, set: 
Objective-C
	GADMobileAds.sharedInstance.requestConfiguration.testDeviceIdentifiers = @[ GADSimulatorID ];
Swift
	GADMobileAds.sharedInstance().requestConfiguration.testDeviceIdentifiers = [ GADSimulatorID ]
2022-06-24 10:29:51.663472-0700 Hello_MultiScreen_iPhone[83672:6314897] 8.10.0 - <AppMeasurement>[I-ACS025027] Deferring to Google Analytics for Firebase for event data collection. https://goo.gl/YNbdK2
2022-06-24 10:29:51.670384-0700 Hello_MultiScreen_iPhone[83672:6314897] [Client] Synchronous remote object proxy returned error: Error Domain=NSCocoaErrorDomain Code=4099 "The connection to service named com.apple.commcenter.coretelephony.xpc was invalidated: failed at lookup with error 3 - No such process." UserInfo={NSDebugDescription=The connection to service named com.apple.commcenter.coretelephony.xpc was invalidated: failed at lookup with error 3 - No such process.}
2022-06-24 10:29:51.670403-0700 Hello_MultiScreen_iPhone[83672:6314895] [Client] Updating selectors failed with: Error Domain=NSCocoaErrorDomain Code=4099 "The connection to service named com.apple.commcenter.coretelephony.xpc was invalidated: failed at lookup with error 3 - No such process." UserInfo={NSDebugDescription=The connection to service named com.apple.commcenter.coretelephony.xpc was invalidated: failed at lookup with error 3 - No such process.}
2022-06-24 10:29:51.670821-0700 Hello_MultiScreen_iPhone[83672:6314897] [Client] Synchronous remote object proxy returned error: Error Domain=NSCocoaErrorDomain Code=4099 "The connection to service named com.apple.commcenter.coretelephony.xpc was invalidated: failed at lookup with error 3 - No such process." UserInfo={NSDebugDescription=The connection to service named com.apple.commcenter.coretelephony.xpc was invalidated: failed at lookup with error 3 - No such process.}
2022-06-24 10:29:51.670847-0700 Hello_MultiScreen_iPhone[83672:6314895] [Client] Updating selectors failed with: Error Domain=NSCocoaErrorDomain Code=4099 "The connection to service named com.apple.commcenter.coretelephony.xpc was invalidated: failed at lookup with error 3 - No such process." UserInfo={NSDebugDescription=The connection to service named com.apple.commcenter.coretelephony.xpc was invalidated: failed at lookup with error 3 - No such process.}
2022-06-24 10:29:51.671201-0700 Hello_MultiScreen_iPhone[83672:6314897] [Client] Synchronous remote object proxy returned error: Error Domain=NSCocoaErrorDomain Code=4099 "The connection to service named com.apple.commcenter.coretelephony.xpc was invalidated: failed at lookup with error 3 - No such process." UserInfo={NSDebugDescription=The connection to service named com.apple.commcenter.coretelephony.xpc was invalidated: failed at lookup with error 3 - No such process.}
2022-06-24 10:29:51.671256-0700 Hello_MultiScreen_iPhone[83672:6314895] [Client] Updating selectors failed with: Error Domain=NSCocoaErrorDomain Code=4099 "The connection to service named com.apple.commcenter.coretelephony.xpc was invalidated: failed at lookup with error 3 - No such process." UserInfo={NSDebugDescription=The connection to service named com.apple.commcenter.coretelephony.xpc was invalidated: failed at lookup with error 3 - No such process.}
2022-06-24 10:29:51.673593-0700 Hello_MultiScreen_iPhone[83672:6314895] [Client] Updating selectors failed with: Error Domain=NSCocoaErrorDomain Code=4099 "The connection to service named com.apple.commcenter.coretelephony.xpc was invalidated: failed at lookup with error 3 - No such process." UserInfo={NSDebugDescription=The connection to service named com.apple.commcenter.coretelephony.xpc was invalidated: failed at lookup with error 3 - No such process.}
2022-06-24 10:29:51.673720-0700 Hello_MultiScreen_iPhone[83672:6314895] [Client] Updating selectors after delegate addition failed with: Error Domain=NSCocoaErrorDomain Code=4099 "The connection to service named com.apple.commcenter.coretelephony.xpc was invalidated: failed at lookup with error 3 - No such process." UserInfo={NSDebugDescription=The connection to service named com.apple.commcenter.coretelephony.xpc was invalidated: failed at lookup with error 3 - No such process.}
2022-06-24 10:29:51.682666-0700 Hello_MultiScreen_iPhone[83672:6314878] SecTaskLoadEntitlements failed error=22 cs_flags=200, pid=83672
2022-06-24 10:29:51.683029-0700 Hello_MultiScreen_iPhone[83672:6314878] SecTaskCopyDebugDescription: Hello_MultiScree[83672]/0#-1 LF=0
2022-06-24 10:29:51.688822-0700 Hello_MultiScreen_iPhone[83672:6314867] SecTaskLoadEntitlements failed error=22 cs_flags=200, pid=83672
2022-06-24 10:29:51.689040-0700 Hello_MultiScreen_iPhone[83672:6314867] SecTaskCopyDebugDescription: Hello_MultiScree[83672]/0#-1 LF=0
2022-06-24 10:29:51.689266-0700 Hello_MultiScreen_iPhone[83672:6314867] SecTaskLoadEntitlements failed error=22 cs_flags=200, pid=83672
2022-06-24 10:29:51.689460-0700 Hello_MultiScreen_iPhone[83672:6314867] SecTaskCopyDebugDescription: Hello_MultiScree[83672]/0#-1 LF=0
2022-06-24 10:29:52.054907-0700 Hello_MultiScreen_iPhone[83672:6314867] SecTaskLoadEntitlements failed error=22 cs_flags=200, pid=83672
2022-06-24 10:29:52.055164-0700 Hello_MultiScreen_iPhone[83672:6314867] SecTaskCopyDebugDescription: Hello_MultiScree[83672]/0#-1 LF=0
2022-06-24 10:29:52.055398-0700 Hello_MultiScreen_iPhone[83672:6314867] SecTaskLoadEntitlements failed error=22 cs_flags=200, pid=83672
2022-06-24 10:29:52.055618-0700 Hello_MultiScreen_iPhone[83672:6314867] SecTaskCopyDebugDescription: Hello_MultiScree[83672]/0#-1 LF=0
2022-06-24 10:29:52.058419-0700 Hello_MultiScreen_iPhone[83672:6314867] SecTaskLoadEntitlements failed error=22 cs_flags=200, pid=83672
2022-06-24 10:29:52.058648-0700 Hello_MultiScreen_iPhone[83672:6314867] SecTaskCopyDebugDescription: Hello_MultiScree[83672]/0#-1 LF=0
2022-06-24 10:29:52.095722-0700 Hello_MultiSc